<?xml version="1.0" encoding="UTF-8"?>
<testng-results skipped="0" failed="0" ignored="0" total="1" passed="1">
  <reporter-output>
  </reporter-output>
  <suite name="Default suite" duration-ms="17683" started-at="2019-07-22T10:39:10Z" finished-at="2019-07-22T10:39:27Z">
    <groups>
    </groups>
    <test name="Default test" duration-ms="17683" started-at="2019-07-22T10:39:10Z" finished-at="2019-07-22T10:39:27Z">
      <class name="pac1.events">
        <test-method status="PASS" signature="f()[pri:0, instance:pac1.events@51efea79]" name="f" duration-ms="17648" started-at="2019-07-22T10:39:10Z" finished-at="2019-07-22T10:39:27Z">
          <reporter-output>
          </reporter-output>
        </test-method> <!-- f -->
      </class> <!-- pac1.events -->
    </test> <!-- Default test -->
  </suite> <!-- Default suite -->
</testng-results>
