<?xml version="1.0" encoding="UTF-8"?>
<!-- Generated by org.testng.reporters.JUnitXMLReporter -->
<testsuite hostname="DDC2-D-9TQR9B2" ignored="2" name="Test002" tests="1" failures="0" timestamp="19 Jul 2019 10:18:45 GMT" time="0.062" errors="0">
  <testcase name="o" time="0.016" classname="pac1.suite1"/>
  <testcase name="w" time="0.0" classname="pac1.suite1">
    <ignored/>
  </testcase> <!-- w -->
  <testcase name="q" time="0.0" classname="pac1.suite1">
    <ignored/>
  </testcase> <!-- q -->
</testsuite> <!-- Test002 -->
